{"level":"info","message":"server started at http://localhost:3000","timestamp":"2022-11-15T20:05:12.698Z"}
{"level":"info","message":"server started at http://localhost:3000","timestamp":"2022-11-15T20:08:14.415Z"}
{"level":"info","message":"called getUser controller, with ID 1234","timestamp":"2022-11-15T20:08:18.300Z"}
{"level":"info","message":"server started at http://localhost:3000","timestamp":"2022-11-15T20:08:54.333Z"}
{"level":"info","message":"called getUser controller, with userId undefined","timestamp":"2022-11-15T20:08:56.125Z"}
{"level":"info","message":"called getUser controller, with userId 1234","timestamp":"2022-11-15T20:09:43.641Z"}
{"level":"info","message":"server started at http://localhost:3000","timestamp":"2022-11-15T20:25:11.071Z"}
{"level":"info","message":"server started at http://localhost:3000","timestamp":"2022-11-15T20:26:34.795Z"}
{"level":"info","message":"server started at http://localhost:3000","timestamp":"2022-11-28T20:08:55.828Z"}
{"level":"info","message":"server started at http://localhost:3000","timestamp":"2022-11-28T20:11:49.262Z"}
{"level":"info","message":"server started at http://localhost:3000","timestamp":"2022-11-28T20:12:26.479Z"}
{"level":"info","message":"server started at http://localhost:3000","timestamp":"2022-11-28T20:12:44.637Z"}
{"level":"info","message":"server started at http://localhost:3000","timestamp":"2022-11-28T20:13:04.687Z"}
{"level":"info","message":"server started at http://localhost:3000","timestamp":"2022-11-28T20:18:18.540Z"}
{"level":"info","message":"server started at http://localhost:3000","timestamp":"2022-11-28T20:18:43.595Z"}
{"level":"info","message":"server started at http://localhost:3000","timestamp":"2022-11-28T20:23:03.163Z"}
{"level":"info","message":"server started at http://localhost:3000","timestamp":"2022-11-28T20:23:42.360Z"}
{"level":"info","message":"server started at http://localhost:3000","timestamp":"2022-11-28T20:24:53.863Z"}
{"level":"info","message":"server started at http://localhost:3000","timestamp":"2022-11-28T20:25:18.421Z"}
{"level":"info","message":"server started at http://localhost:3000","timestamp":"2022-11-28T20:25:50.350Z"}
{"level":"info","message":"server started at http://localhost:3000","timestamp":"2022-11-28T20:26:21.706Z"}
{"level":"info","message":"server started at http://localhost:3000","timestamp":"2022-11-28T20:26:39.767Z"}
{"level":"info","message":"server started at http://localhost:3000","timestamp":"2022-11-28T20:27:15.803Z"}
{"level":"info","message":"server started at http://localhost:3000","timestamp":"2022-11-28T20:27:29.138Z"}
{"level":"info","message":"server started at http://localhost:3000","timestamp":"2022-11-28T20:29:01.684Z"}
{"level":"info","message":"server started at http://localhost:3000","timestamp":"2022-11-28T20:29:42.158Z"}
{"level":"info","message":"server started at http://localhost:3000","timestamp":"2022-11-28T20:33:42.757Z"}
{"level":"info","message":"server started at http://localhost:3000","timestamp":"2022-11-28T20:35:42.314Z"}
{"level":"info","message":"server started at http://localhost:3000","timestamp":"2022-11-28T20:37:00.325Z"}
{"level":"info","message":"server started at http://localhost:3000","timestamp":"2022-11-28T20:37:25.348Z"}
{"level":"info","message":"server started at http://localhost:3000","timestamp":"2022-11-28T20:37:43.342Z"}
{"level":"info","message":"server started at http://localhost:3000","timestamp":"2022-11-28T20:40:27.961Z"}
{"level":"info","message":"called getUser controller, with userId undefined","timestamp":"2022-11-28T20:40:57.573Z"}
{"level":"info","message":"server started at http://localhost:3000","timestamp":"2022-11-28T20:42:05.527Z"}
{"level":"info","message":"called getUser controller, with userId undefined","timestamp":"2022-11-28T20:42:08.234Z"}
{"level":"info","message":"called getUser controller, with userId undefined","timestamp":"2022-11-28T20:42:09.330Z"}
{"level":"info","message":"called getUser controller, with userId undefined","timestamp":"2022-11-28T20:42:10.472Z"}
{"level":"info","message":"called getUser controller, with userId undefined","timestamp":"2022-11-28T20:42:11.356Z"}
{"level":"info","message":"server started at http://localhost:3000","timestamp":"2022-11-28T20:44:14.068Z"}
{"level":"info","message":"called getUser controller, with userId undefined","timestamp":"2022-11-28T20:44:17.365Z"}
{"level":"info","message":"called sign up user, body: [object Object]","timestamp":"2022-11-28T20:44:26.414Z"}
{"level":"info","message":"server started at http://localhost:3000","timestamp":"2022-11-28T20:44:57.312Z"}
{"level":"info","message":"called getUser controller, with userId undefined","timestamp":"2022-11-28T20:45:00.092Z"}
{"level":"info","message":"called getUser controller, with userId undefined","timestamp":"2022-11-28T20:45:02.056Z"}
{"level":"info","message":"server started at http://localhost:3000","timestamp":"2022-11-28T20:45:34.341Z"}
{"level":"info","message":"called getUser controller, with userId 12","timestamp":"2022-11-28T20:45:37.051Z"}
{"level":"info","message":"called getUser controller, with userId 41224d776a326fb40f000001","timestamp":"2022-11-28T20:46:05.799Z"}
{"level":"info","message":"server started at http://localhost:3000","timestamp":"2022-11-28T20:46:41.583Z"}
{"level":"info","message":"called getUser controller, with userId 41224d776a326fb40f000001","timestamp":"2022-11-28T20:46:43.389Z"}
{"level":"info","message":"server started at http://localhost:3000","timestamp":"2022-11-28T20:46:59.442Z"}
{"level":"info","message":"called getUser controller, with userId 41224d776a326fb40f000001","timestamp":"2022-11-28T20:47:01.373Z"}
{"level":"info","message":"server started at http://localhost:3000","timestamp":"2022-11-28T20:47:30.574Z"}
{"level":"info","message":"called getUser controller, with userId 41224d776a326fb40f000001","timestamp":"2022-11-28T20:47:33.839Z"}
{"level":"info","message":"called getUser controller, with userId 63851a389637dd35048b427f","timestamp":"2022-11-28T20:47:41.241Z"}
